MEM 105.777344 1521621978.2863
MEM 130.148438 1521621979.2905
MEM 145.707031 1521621980.2909
MEM 154.718750 1521621981.2923
MEM 200.031250 1521621982.2937
MEM 232.425781 1521621983.2952
MEM 366.406250 1521621984.2995
MEM 468.785156 1521621985.3016
MEM 512.281250 1521621986.3132
MEM 558.843750 1521621987.3142
MEM 576.964844 1521621988.3188
MEM 613.289062 1521621989.3210
MEM 694.644531 1521621990.3236
MEM 647.832031 1521621991.3239
MEM 650.992188 1521621992.3287
MEM 688.886719 1521621993.3322
MEM 687.636719 1521621994.3386
MEM 691.761719 1521621995.3432
MEM 686.667969 1521621996.3442
MEM 686.953125 1521621997.3504
MEM 735.937500 1521621998.3537
MEM 688.265625 1521621999.3605
MEM 707.402344 1521622000.3635
MEM 705.718750 1521622001.3645
MEM 707.042969 1521622002.3715
MEM 706.117188 1521622003.3723
MEM 708.687500 1521622004.3809
MEM 705.175781 1521622005.3823
MEM 754.316406 1521622006.3890
MEM 707.507812 1521622007.3901
MEM 711.480469 1521622008.4030
MEM 706.933594 1521622009.4144
MEM 707.226562 1521622010.4174
MEM 710.925781 1521622011.4187
MEM 709.621094 1521622012.4330
MEM 707.863281 1521622013.4415
MEM 707.636719 1521622014.4419
MEM 726.730469 1521622015.4432
MEM 708.105469 1521622016.4520
MEM 706.578125 1521622017.4592
MEM 709.203125 1521622018.4626
MEM 738.656250 1521622019.4725
MEM 709.554688 1521622020.4824
MEM 711.539062 1521622021.4911
MEM 709.789062 1521622022.4919
MEM 711.871094 1521622023.4994
MEM 710.402344 1521622024.5005
MEM 715.480469 1521622025.5021
MEM 763.863281 1521622026.5115
MEM 715.964844 1521622027.5199
MEM 712.183594 1521622028.5215
MEM 737.773438 1521622029.5360
MEM 713.363281 1521622030.5376
MEM 713.476562 1521622031.5424
MEM 716.554688 1521622032.5537
MEM 713.542969 1521622033.5627
MEM 713.718750 1521622034.5709
MEM 759.359375 1521622035.5732
MEM 713.128906 1521622036.5751
MEM 714.523438 1521622037.5764
MEM 714.679688 1521622038.5792
MEM 713.968750 1521622039.5826
MEM 714.007812 1521622040.5839
MEM 715.246094 1521622041.5931
MEM 717.515625 1521622042.6018
MEM 715.226562 1521622043.6039
MEM 716.308594 1521622044.6132
MEM 714.578125 1521622045.6169
MEM 716.468750 1521622046.6217
MEM 715.640625 1521622047.6232
MEM 718.578125 1521622048.6322
MEM 717.500000 1521622049.6336
MEM 714.382812 1521622050.6436
MEM 718.644531 1521622051.6527
MEM 716.277344 1521622052.6617
MEM 717.957031 1521622053.6629
MEM 767.878906 1521622054.6733
MEM 717.777344 1521622055.6838
MEM 719.554688 1521622056.6852
MEM 720.593750 1521622057.6899
MEM 721.265625 1521622058.6913
MEM 719.085938 1521622059.6923
MEM 722.421875 1521622060.6982
MEM 718.871094 1521622061.6996
MEM 717.472656 1521622062.7013
MEM 722.449219 1521622063.7026
MEM 718.953125 1521622064.7036
MEM 718.347656 1521622065.7045
MEM 721.558594 1521622066.7093
MEM 721.140625 1521622067.7123
MEM 722.644531 1521622068.7132
MEM 719.824219 1521622069.7146
MEM 726.019531 1521622070.7202
MEM 720.449219 1521622071.7209
MEM 750.703125 1521622072.7256
MEM 721.191406 1521622073.7276
MEM 722.382812 1521622074.7292
MEM 721.289062 1521622075.7304
MEM 727.171875 1521622076.7424
MEM 724.546875 1521622077.7437
MEM 726.886719 1521622078.7533
MEM 720.175781 1521622079.7591
MEM 722.609375 1521622080.7622
MEM 721.589844 1521622081.7633
MEM 722.660156 1521622082.7650
MEM 724.488281 1521622083.7678
MEM 722.652344 1521622084.7714
MEM 731.058594 1521622085.7823
MEM 770.632812 1521622086.7842
MEM 724.675781 1521622087.7858
MEM 726.218750 1521622088.7906
MEM 723.062500 1521622089.7920
MEM 722.695312 1521622090.7930
MEM 722.828125 1521622091.7939
MEM 723.347656 1521622092.7977
MEM 725.382812 1521622093.8036
MEM 723.304688 1521622094.8100
MEM 723.675781 1521622095.8112
MEM 724.980469 1521622096.8119
MEM 729.003906 1521622097.8130
MEM 724.816406 1521622098.8168
MEM 725.246094 1521622099.8181
MEM 726.695312 1521622100.8189
MEM 726.792969 1521622101.8204
MEM 724.238281 1521622102.8209
MEM 726.746094 1521622103.8239
MEM 729.542969 1521622104.8293
MEM 763.484375 1521622105.8306
MEM 728.894531 1521622106.8331
MEM 725.332031 1521622107.8423
MEM 727.003906 1521622108.8431
MEM 723.238281 1521622109.8443
MEM 723.679688 1521622110.8574
MEM 726.312500 1521622111.8587
MEM 730.210938 1521622112.8623
MEM 733.546875 1521622113.8722
MEM 725.285156 1521622114.8732
MEM 725.011719 1521622115.8794
MEM 735.042969 1521622116.8807
MEM 724.500000 1521622117.8823
MEM 724.539062 1521622118.8830
MEM 728.761719 1521622119.8839
MEM 726.007812 1521622120.8904
MEM 726.441406 1521622121.8943
MEM 728.218750 1521622122.9028
MEM 725.152344 1521622123.9100
MEM 729.125000 1521622124.9110
MEM 726.328125 1521622125.9119
MEM 726.839844 1521622126.9132
MEM 728.777344 1521622127.9142
MEM 728.250000 1521622128.9210
MEM 730.597656 1521622129.9332
MEM 777.839844 1521622130.9467
MEM 728.656250 1521622131.9619
MEM 728.867188 1521622132.9634
MEM 725.835938 1521622133.9645
MEM 771.941406 1521622134.9730
MEM 730.558594 1521622135.9820
MEM 730.750000 1521622136.9833
MEM 728.500000 1521622137.9849
MEM 732.367188 1521622138.9913
MEM 733.812500 1521622139.9934
MEM 727.945312 1521622140.9989
MEM 734.582031 1521622142.0014
MEM 730.027344 1521622143.0028
MEM 729.375000 1521622144.0043
MEM 729.023438 1521622145.0099
MEM 727.539062 1521622146.0212
MEM 727.625000 1521622147.0225
MEM 727.671875 1521622148.0236
MEM 727.660156 1521622149.0240
MEM 729.910156 1521622150.0254
MEM 730.292969 1521622151.0325
MEM 730.359375 1521622152.0331
MEM 780.554688 1521622153.0443
MEM 730.179688 1521622154.0534
MEM 730.281250 1521622155.0666
MEM 729.781250 1521622156.0783
MEM 731.921875 1521622157.0821
MEM 726.777344 1521622158.0832
MEM 730.324219 1521622159.0914
MEM 727.433594 1521622160.0928
MEM 730.070312 1521622161.0987
MEM 728.214844 1521622162.1003
MEM 729.328125 1521622163.1034
MEM 733.296875 1521622164.1134
MEM 731.644531 1521622165.1233
MEM 742.718750 1521622166.1262
MEM 731.097656 1521622167.1308
MEM 731.867188 1521622168.1326
MEM 730.046875 1521622169.1343
MEM 730.449219 1521622170.1426
MEM 727.421875 1521622171.1443
MEM 731.347656 1521622172.1535
MEM 729.281250 1521622173.1541
MEM 730.972656 1521622174.1620
MEM 730.980469 1521622175.1634
MEM 732.652344 1521622176.1692
MEM 732.363281 1521622177.1704
MEM 730.031250 1521622178.1721
MEM 735.847656 1521622179.1771
MEM 731.289062 1521622180.1833
MEM 767.968750 1521622181.2034
MEM 728.390625 1521622182.2094
MEM 727.546875 1521622183.2165
MEM 756.339844 1521622184.2263
MEM 728.804688 1521622185.2335
MEM 731.308594 1521622186.2408
MEM 730.285156 1521622187.2423
MEM 729.500000 1521622188.2491
MEM 729.550781 1521622189.2512
MEM 735.429688 1521622190.2566
MEM 732.324219 1521622191.2679
MEM 730.011719 1521622192.2726
MEM 729.859375 1521622193.2755
MEM 737.160156 1521622194.2791
MEM 731.515625 1521622195.2816
MEM 731.640625 1521622196.2830
MEM 730.398438 1521622197.2914
MEM 729.421875 1521622198.2992
MEM 733.953125 1521622199.3033
MEM 732.554688 1521622200.3115
MEM 732.476562 1521622201.3242
MEM 744.082031 1521622202.3259
MEM 730.144531 1521622203.3306
MEM 730.707031 1521622204.3436
MEM 731.675781 1521622205.3501
MEM 733.234375 1521622206.3515
MEM 732.750000 1521622207.3532
MEM 734.015625 1521622208.3602
MEM 733.195312 1521622209.3636
MEM 730.855469 1521622210.3693
MEM 734.082031 1521622211.3722
MEM 734.675781 1521622212.3779
MEM 731.503906 1521622213.3820
MEM 731.156250 1521622214.3870
MEM 731.281250 1521622215.3894
MEM 733.175781 1521622216.3922
MEM 733.421875 1521622217.4004
MEM 736.355469 1521622218.4030
MEM 733.496094 1521622219.4044
MEM 735.421875 1521622220.4122
MEM 734.242188 1521622221.4137
MEM 736.210938 1521622222.4177
MEM 731.996094 1521622223.4191
MEM 762.500000 1521622224.4334
MEM 733.105469 1521622225.4340
MEM 731.742188 1521622226.4355
MEM 735.085938 1521622227.4369
MEM 729.738281 1521622228.4484
MEM 731.410156 1521622229.4498
MEM 730.394531 1521622230.4513
MEM 731.300781 1521622231.4530
MEM 730.640625 1521622232.4544
MEM 734.941406 1521622233.4559
MEM 733.937500 1521622234.4629
MEM 779.484375 1521622235.4681
MEM 731.734375 1521622236.4704
MEM 730.156250 1521622237.4732
MEM 729.199219 1521622238.4745
MEM 732.816406 1521622239.4802
MEM 730.859375 1521622240.4830
MEM 761.652344 1521622241.5040
MEM 733.132812 1521622242.5070
MEM 733.664062 1521622243.5114
MEM 737.085938 1521622244.5222
MEM 732.324219 1521622245.5231
MEM 731.347656 1521622246.5301
MEM 732.343750 1521622247.5325
MEM 733.894531 1521622248.5331
MEM 729.609375 1521622249.5347
MEM 732.687500 1521622250.5402
MEM 733.792969 1521622251.5416
MEM 730.335938 1521622252.5420
MEM 731.078125 1521622253.5434
MEM 733.121094 1521622254.5452
MEM 730.734375 1521622255.5480
MEM 730.523438 1521622256.5494
MEM 734.007812 1521622257.5500
MEM 736.871094 1521622258.5609
MEM 735.800781 1521622259.5662
MEM 730.277344 1521622260.5719
MEM 746.765625 1521622261.5734
MEM 731.632812 1521622262.5788
MEM 730.988281 1521622263.5802
MEM 736.339844 1521622264.5891
MEM 729.210938 1521622265.5936
MEM 730.539062 1521622266.5999
MEM 738.082031 1521622267.6128
MEM 732.507812 1521622268.6183
MEM 730.125000 1521622269.6200
MEM 728.859375 1521622270.6210
MEM 727.761719 1521622271.6232
MEM 730.425781 1521622272.6334
MEM 755.703125 1521622273.6343
MEM 730.085938 1521622274.6407
MEM 730.585938 1521622275.6420
MEM 729.480469 1521622276.6431
MEM 729.390625 1521622277.6462
MEM 731.609375 1521622278.6483
MEM 729.046875 1521622279.6536
MEM 729.917969 1521622280.6623
MEM 731.593750 1521622281.6636
MEM 731.066406 1521622282.6683
MEM 734.074219 1521622283.6724
MEM 730.789062 1521622284.6732
MEM 730.695312 1521622285.6741
MEM 732.160156 1521622286.6781
MEM 729.703125 1521622287.6835
MEM 734.410156 1521622288.6932
MEM 735.179688 1521622289.6983
MEM 731.679688 1521622290.6990
MEM 776.960938 1521622291.7040
MEM 735.445312 1521622292.7126
MEM 730.675781 1521622293.7136
MEM 729.597656 1521622294.7179
MEM 734.339844 1521622295.7218
MEM 730.437500 1521622296.7230
MEM 731.406250 1521622297.7240
MEM 732.343750 1521622298.7331
MEM 734.757812 1521622299.7363
MEM 734.863281 1521622300.7377
MEM 731.046875 1521622301.7432
MEM 734.460938 1521622302.7520
MEM 731.539062 1521622303.7530
MEM 732.058594 1521622304.7543
MEM 735.066406 1521622305.7632
MEM 746.503906 1521622306.7646
MEM 734.355469 1521622307.7735
MEM 734.343750 1521622308.7823
MEM 732.945312 1521622309.7839
MEM 733.464844 1521622310.7899
MEM 731.500000 1521622311.7933
MEM 734.363281 1521622312.7947
MEM 735.937500 1521622313.8026
MEM 735.238281 1521622314.8036
MEM 737.457031 1521622315.8126
MEM 755.367188 1521622316.8140
MEM 733.019531 1521622317.8224
MEM 736.765625 1521622318.8234
MEM 734.304688 1521622319.8254
MEM 736.464844 1521622320.8275
MEM 732.671875 1521622321.8342
MEM 731.503906 1521622322.8396
MEM 780.054688 1521622323.8505
MEM 733.394531 1521622324.8519
MEM 730.707031 1521622325.8541
MEM 733.757812 1521622326.8603
MEM 733.925781 1521622327.8626
MEM 733.917969 1521622328.8666
MEM 736.156250 1521622329.8711
MEM 732.226562 1521622330.8725
MEM 737.554688 1521622331.8812
MEM 733.406250 1521622332.8819
MEM 730.894531 1521622333.8840
MEM 731.019531 1521622334.8897
MEM 734.792969 1521622335.8936
MEM 732.695312 1521622336.8956
MEM 732.578125 1521622337.8997
MEM 734.875000 1521622338.9017
MEM 732.875000 1521622339.9104
MEM 734.140625 1521622340.9115
MEM 731.242188 1521622341.9133
MEM 731.371094 1521622342.9169
MEM 734.152344 1521622343.9212
MEM 730.066406 1521622344.9225
MEM 783.542969 1521622345.9380
MEM 732.785156 1521622346.9394
MEM 731.710938 1521622347.9422
MEM 738.542969 1521622348.9434
MEM 731.781250 1521622349.9483
MEM 735.019531 1521622350.9503
MEM 734.562500 1521622351.9625
MEM 733.667969 1521622352.9641
MEM 733.558594 1521622353.9675
MEM 732.355469 1521622354.9696
MEM 731.660156 1521622355.9700
MEM 734.144531 1521622356.9923
MEM 734.738281 1521622357.9932
MEM 755.976562 1521622358.9943
MEM 732.199219 1521622360.0094
MEM 730.707031 1521622361.0100
MEM 736.792969 1521622362.0133
MEM 733.167969 1521622363.0212
MEM 731.875000 1521622364.0231
MEM 734.035156 1521622365.0333
MEM 738.015625 1521622366.0430
MEM 733.671875 1521622367.0475
MEM 733.207031 1521622368.0541
MEM 745.019531 1521622369.0556
MEM 733.195312 1521622370.0632
MEM 730.582031 1521622371.0709
MEM 736.867188 1521622372.0833
MEM 774.558594 1521622373.0843
MEM 734.714844 1521622374.0861
MEM 739.644531 1521622375.1017
MEM 738.019531 1521622376.1033
MEM 735.210938 1521622377.1133
MEM 734.242188 1521622378.1183
MEM 736.507812 1521622379.1203
MEM 735.292969 1521622380.1233
MEM 733.957031 1521622381.1283
MEM 735.617188 1521622382.1318
MEM 733.765625 1521622383.1336
MEM 770.746094 1521622384.1353
MEM 802.703125 1521622385.1413
MEM 820.617188 1521622386.1429
MEM 818.679688 1521622387.1507
MEM 821.203125 1521622388.1592
MEM 855.656250 1521622389.1622
