MEM 103.500000 1521621978.2985
MEM 103.500000 1521621979.3005
MEM 103.500000 1521621980.3019
MEM 103.500000 1521621981.3033
MEM 103.500000 1521621982.3048
MEM 103.628906 1521621983.3062
MEM 103.628906 1521621984.3087
MEM 103.628906 1521621985.3136
MEM 103.628906 1521621986.3203
MEM 103.628906 1521621987.3220
MEM 103.628906 1521621988.3329
MEM 105.035156 1521621989.3343
MEM 105.035156 1521621990.3434
MEM 105.035156 1521621991.3524
MEM 105.035156 1521621992.3532
MEM 105.035156 1521621993.3539
MEM 105.707031 1521621994.3594
MEM 109.953125 1521621995.3599
MEM 110.640625 1521621996.3611
MEM 110.328125 1521621997.3618
MEM 110.332031 1521621998.3635
MEM 111.054688 1521621999.3644
MEM 111.757812 1521622000.3722
MEM 111.757812 1521622001.3735
MEM 112.257812 1521622002.3802
MEM 112.953125 1521622003.3879
MEM 112.953125 1521622004.3913
MEM 113.656250 1521622005.3929
MEM 114.371094 1521622006.3942
MEM 114.371094 1521622007.4010
MEM 115.101562 1521622008.4031
MEM 115.800781 1521622009.4144
MEM 115.800781 1521622010.4163
MEM 116.269531 1521622011.4176
MEM 117.007812 1521622012.4330
MEM 117.007812 1521622013.4415
MEM 117.738281 1521622014.4419
MEM 118.460938 1521622015.4432
MEM 118.460938 1521622016.4516
MEM 119.171875 1521622017.4592
MEM 120.343750 1521622018.4625
MEM 120.343750 1521622019.4630
MEM 121.097656 1521622020.4643
MEM 121.589844 1521622021.4692
MEM 121.589844 1521622022.4721
MEM 122.324219 1521622023.4813
MEM 123.058594 1521622024.4834
MEM 123.058594 1521622025.4843
MEM 123.808594 1521622026.4861
MEM 124.296875 1521622027.4922
MEM 124.296875 1521622028.4930
MEM 125.039062 1521622029.4943
MEM 125.781250 1521622030.4960
MEM 125.781250 1521622031.4974
MEM 126.523438 1521622032.4991
MEM 127.191406 1521622033.5015
MEM 127.707031 1521622034.5020
MEM 127.871094 1521622035.5121
MEM 128.457031 1521622036.5203
MEM 129.164062 1521622037.5304
MEM 129.164062 1521622038.5334
MEM 129.769531 1521622039.5413
MEM 130.476562 1521622040.5427
MEM 130.476562 1521622041.5442
MEM 131.171875 1521622042.5612
MEM 131.871094 1521622043.5626
MEM 132.578125 1521622044.5692
MEM 132.578125 1521622045.5706
MEM 133.261719 1521622046.5773
MEM 133.941406 1521622047.5810
MEM 133.941406 1521622048.5823
MEM 134.421875 1521622049.5834
MEM 135.164062 1521622050.5922
MEM 135.164062 1521622051.5932
MEM 135.832031 1521622052.5949
MEM 136.539062 1521622053.6021
MEM 136.539062 1521622054.6033
MEM 137.269531 1521622055.6137
MEM 137.984375 1521622056.6166
MEM 137.984375 1521622057.6226
MEM 138.480469 1521622058.6230
MEM 139.210938 1521622059.6324
MEM 139.210938 1521622060.6329
MEM 139.933594 1521622061.6411
MEM 139.933594 1521622062.6422
MEM 140.621094 1521622063.6570
MEM 141.351562 1521622064.6579
MEM 141.351562 1521622065.6629
MEM 141.835938 1521622066.6645
MEM 142.609375 1521622067.6659
MEM 143.363281 1521622068.6671
MEM 143.363281 1521622069.6687
MEM 143.871094 1521622070.6730
MEM 144.628906 1521622071.6793
MEM 144.628906 1521622072.6880
MEM 145.398438 1521622073.6921
MEM 145.914062 1521622074.6944
MEM 145.914062 1521622075.6984
MEM 146.687500 1521622076.7028
MEM 147.203125 1521622077.7081
MEM 147.203125 1521622078.7094
MEM 148.125000 1521622079.7098
MEM 148.554688 1521622080.7201
MEM 148.554688 1521622081.7228
MEM 149.328125 1521622082.7273
MEM 150.101562 1521622083.7302
MEM 150.101562 1521622084.7316
MEM 150.609375 1521622085.7329
MEM 151.375000 1521622086.7393
MEM 151.375000 1521622087.7432
MEM 152.148438 1521622088.7575
MEM 152.648438 1521622089.7628
MEM 152.648438 1521622090.7639
MEM 153.421875 1521622091.7723
MEM 154.195312 1521622092.7734
MEM 154.195312 1521622093.7742
MEM 154.894531 1521622094.7794
MEM 155.464844 1521622095.7918
MEM 155.464844 1521622096.7982
MEM 156.238281 1521622097.7995
MEM 156.753906 1521622098.8031
MEM 156.757812 1521622099.8044
MEM 157.535156 1521622100.8104
MEM 158.308594 1521622101.8133
MEM 158.312500 1521622102.8183
MEM 158.832031 1521622103.8214
MEM 159.605469 1521622104.8219
MEM 159.609375 1521622105.8301
MEM 160.128906 1521622106.8335
MEM 160.902344 1521622107.8424
MEM 160.906250 1521622108.8431
MEM 161.683594 1521622109.8443
MEM 162.199219 1521622110.8574
MEM 162.203125 1521622111.8588
MEM 162.980469 1521622112.8623
MEM 163.496094 1521622113.8722
MEM 163.500000 1521622114.8732
MEM 164.277344 1521622115.8793
MEM 165.054688 1521622116.8807
MEM 165.058594 1521622117.8822
MEM 165.578125 1521622118.8830
MEM 166.351562 1521622119.8839
MEM 166.355469 1521622120.8904
MEM 167.132812 1521622121.8943
MEM 167.648438 1521622122.9028
MEM 167.652344 1521622123.9042
MEM 168.535156 1521622124.9106
MEM 166.582031 1521622125.9112
MEM 166.585938 1521622126.9125
MEM 169.765625 1521622127.9132
MEM 170.406250 1521622128.9210
MEM 170.410156 1521622129.9332
MEM 171.074219 1521622130.9467
MEM 171.835938 1521622131.9619
MEM 172.503906 1521622132.9633
MEM 172.507812 1521622133.9645
MEM 173.183594 1521622134.9730
MEM 173.894531 1521622135.9819
MEM 173.894531 1521622136.9830
MEM 174.589844 1521622137.9843
MEM 175.320312 1521622138.9912
MEM 175.320312 1521622139.9934
MEM 176.035156 1521622140.9989
MEM 176.496094 1521622142.0014
MEM 176.500000 1521622143.0028
MEM 177.277344 1521622144.0042
MEM 178.015625 1521622145.0099
MEM 178.019531 1521622146.0212
MEM 178.757812 1521622147.0231
MEM 179.269531 1521622148.0264
MEM 179.273438 1521622149.0307
MEM 180.050781 1521622150.0322
MEM 180.761719 1521622151.0328
MEM 180.765625 1521622152.0444
MEM 181.277344 1521622153.0448
MEM 182.019531 1521622154.0534
MEM 182.019531 1521622155.0664
MEM 182.757812 1521622156.0783
MEM 183.515625 1521622157.0821
MEM 183.519531 1521622158.0830
MEM 184.226562 1521622159.0913
MEM 184.773438 1521622160.0927
MEM 184.777344 1521622161.0985
MEM 185.589844 1521622162.1002
MEM 186.195312 1521622163.1032
MEM 186.269531 1521622164.1133
MEM 186.746094 1521622165.1235
MEM 187.449219 1521622166.1240
MEM 187.453125 1521622167.1252
MEM 188.332031 1521622168.1265
MEM 188.332031 1521622169.1272
MEM 188.804688 1521622170.1323
MEM 189.507812 1521622171.1330
MEM 190.152344 1521622172.1347
MEM 190.511719 1521622173.1375
MEM 190.824219 1521622174.1454
MEM 191.523438 1521622175.1509
MEM 191.734375 1521622176.1524
MEM 192.179688 1521622177.1541
MEM 192.910156 1521622178.1555
MEM 192.914062 1521622179.1650
MEM 193.656250 1521622180.1663
MEM 194.378906 1521622181.1680
MEM 194.382812 1521622182.1715
MEM 195.128906 1521622183.1723
MEM 195.773438 1521622184.1732
MEM 195.781250 1521622185.1746
MEM 196.519531 1521622186.1794
MEM 196.996094 1521622187.1808
MEM 197.000000 1521622188.1821
MEM 197.742188 1521622189.1844
MEM 198.507812 1521622190.1860
MEM 198.511719 1521622191.1931
MEM 199.007812 1521622192.2036
MEM 199.687500 1521622193.2072
MEM 199.691406 1521622194.2091
MEM 200.468750 1521622195.2127
MEM 201.152344 1521622196.2142
MEM 201.152344 1521622197.2155
MEM 201.925781 1521622198.2162
MEM 202.550781 1521622199.2230
MEM 202.554688 1521622200.2243
MEM 203.300781 1521622201.2284
MEM 203.808594 1521622202.2338
MEM 203.812500 1521622203.2407
MEM 204.539062 1521622204.2422
MEM 205.308594 1521622205.2466
MEM 205.312500 1521622206.2529
MEM 205.828125 1521622207.2594
MEM 206.527344 1521622208.2629
MEM 206.531250 1521622209.2640
MEM 207.414062 1521622210.2683
MEM 208.035156 1521622211.2731
MEM 208.039062 1521622212.2742
MEM 208.550781 1521622213.2820
MEM 209.316406 1521622214.2831
MEM 209.320312 1521622215.2930
MEM 210.082031 1521622216.2940
MEM 210.597656 1521622217.3024
MEM 210.601562 1521622218.3164
MEM 211.359375 1521622219.3229
MEM 212.089844 1521622220.3320
MEM 212.093750 1521622221.3332
MEM 212.871094 1521622222.3343
MEM 213.367188 1521622223.3402
MEM 213.375000 1521622224.3410
MEM 214.117188 1521622225.3524
MEM 214.890625 1521622226.3536
MEM 214.894531 1521622227.3611
MEM 215.597656 1521622228.3625
MEM 216.171875 1521622229.3635
MEM 216.175781 1521622230.3654
MEM 216.828125 1521622231.3667
MEM 217.441406 1521622232.3693
MEM 217.632812 1521622233.3720
MEM 218.113281 1521622234.3729
MEM 218.761719 1521622235.3768
MEM 218.996094 1521622236.3850
MEM 219.703125 1521622237.3951
MEM 220.207031 1521622238.3990
MEM 220.210938 1521622239.4010
MEM 220.890625 1521622240.4029
MEM 221.566406 1521622241.4039
MEM 221.570312 1521622242.4052
MEM 222.246094 1521622243.4106
MEM 222.968750 1521622244.4182
MEM 222.968750 1521622245.4225
MEM 223.714844 1521622246.4328
MEM 224.414062 1521622247.4345
MEM 224.414062 1521622248.4365
MEM 225.093750 1521622249.4426
MEM 225.093750 1521622250.4494
MEM 225.824219 1521622251.4525
MEM 226.312500 1521622252.4570
MEM 226.316406 1521622253.4629
MEM 227.070312 1521622254.4642
MEM 227.816406 1521622255.4655
MEM 227.820312 1521622256.4732
MEM 228.320312 1521622257.4742
MEM 229.093750 1521622258.4802
MEM 229.097656 1521622259.4813
MEM 229.863281 1521622260.4827
MEM 230.363281 1521622261.4840
MEM 230.609375 1521622262.4864
MEM 231.125000 1521622263.5013
MEM 231.898438 1521622264.5019
MEM 231.906250 1521622265.5084
MEM 232.425781 1521622266.5108
MEM 233.175781 1521622267.5134
MEM 233.179688 1521622268.5211
MEM 233.906250 1521622269.5321
MEM 234.660156 1521622270.5329
MEM 234.664062 1521622271.5433
MEM 235.144531 1521622272.5445
MEM 236.042969 1521622273.5511
MEM 236.074219 1521622274.5612
MEM 236.753906 1521622275.5679
MEM 237.171875 1521622276.5694
MEM 237.433594 1521622277.5711
MEM 238.113281 1521622278.5742
MEM 238.765625 1521622279.5756
MEM 238.769531 1521622280.5824
MEM 239.472656 1521622281.5830
MEM 240.066406 1521622282.5895
MEM 240.070312 1521622283.5899
MEM 240.816406 1521622284.5924
MEM 241.277344 1521622285.5929
MEM 241.507812 1521622286.5979
MEM 241.964844 1521622287.6116
MEM 242.691406 1521622288.6181
MEM 242.695312 1521622289.6279
MEM 243.355469 1521622290.6331
MEM 244.113281 1521622291.6396
MEM 244.117188 1521622292.6427
MEM 244.820312 1521622293.6445
MEM 245.558594 1521622294.6458
MEM 245.562500 1521622295.6478
MEM 246.265625 1521622296.6491
MEM 246.726562 1521622297.6505
MEM 246.730469 1521622298.6525
MEM 247.480469 1521622299.6530
MEM 247.652344 1521622300.6553
MEM 248.121094 1521622301.6625
MEM 248.804688 1521622302.6642
MEM 248.804688 1521622303.6683
MEM 249.566406 1521622304.6730
MEM 250.316406 1521622305.6745
MEM 250.320312 1521622306.6811
MEM 251.003906 1521622307.6862
MEM 251.503906 1521622308.6937
MEM 251.757812 1521622309.6952
MEM 252.257812 1521622310.7100
MEM 253.015625 1521622311.7112
MEM 253.019531 1521622312.7126
MEM 253.671875 1521622313.7139
MEM 254.480469 1521622314.7223
MEM 254.480469 1521622315.7312
MEM 255.011719 1521622316.7320
MEM 255.738281 1521622317.7330
MEM 255.746094 1521622318.7344
MEM 256.488281 1521622319.7374
MEM 257.003906 1521622320.7431
MEM 257.007812 1521622321.7444
MEM 257.781250 1521622322.7502
MEM 258.542969 1521622323.7536
MEM 258.558594 1521622324.7612
MEM 259.238281 1521622325.7684
MEM 259.761719 1521622326.7692
MEM 259.941406 1521622327.7831
MEM 260.601562 1521622328.7845
MEM 261.230469 1521622329.7935
MEM 261.300781 1521622330.8009
MEM 261.976562 1521622331.8022
MEM 262.457031 1521622332.8030
MEM 262.671875 1521622333.8043
MEM 263.347656 1521622334.8079
MEM 264.019531 1521622335.8093
MEM 264.023438 1521622336.8107
MEM 264.660156 1521622337.8119
MEM 264.664062 1521622338.8224
MEM 265.343750 1521622339.8238
MEM 265.839844 1521622340.8296
MEM 266.597656 1521622341.8333
MEM 267.320312 1521622342.8343
MEM 267.324219 1521622343.8373
MEM 267.984375 1521622344.8387
MEM 268.714844 1521622345.8423
MEM 268.718750 1521622346.8525
MEM 269.410156 1521622347.8533
MEM 270.136719 1521622348.8568
MEM 270.140625 1521622349.8625
MEM 270.816406 1521622350.8653
MEM 271.292969 1521622351.8669
MEM 271.527344 1521622352.8774
MEM 272.210938 1521622353.8836
MEM 272.699219 1521622354.8871
MEM 272.699219 1521622355.8879
MEM 273.421875 1521622356.8896
MEM 274.144531 1521622357.8933
MEM 274.144531 1521622358.8942
MEM 274.929688 1521622359.9098
MEM 275.429688 1521622360.9109
MEM 275.632812 1521622361.9120
MEM 276.304688 1521622362.9133
MEM 276.304688 1521622363.9145
MEM 276.929688 1521622364.9204
MEM 277.582031 1521622365.9223
MEM 277.675781 1521622366.9233
MEM 278.308594 1521622367.9245
MEM 279.003906 1521622368.9313
MEM 279.003906 1521622369.9327
MEM 279.648438 1521622370.9342
MEM 280.265625 1521622371.9353
MEM 280.269531 1521622372.9381
MEM 280.914062 1521622373.9395
MEM 281.632812 1521622374.9429
MEM 281.636719 1521622375.9514
MEM 282.281250 1521622376.9537
MEM 282.968750 1521622377.9565
MEM 282.972656 1521622378.9601
MEM 283.691406 1521622379.9620
MEM 283.691406 1521622380.9631
MEM 284.382812 1521622381.9673
MEM 284.386719 1521622382.9690
MEM 285.089844 1521622383.9700
MEM 285.089844 1521622384.9781
MEM 285.089844 1521622385.9811
MEM 285.855469 1521622386.9872
MEM 285.859375 1521622387.9885
MEM 286.535156 1521622388.9933
