MEM 105.042969 1521621978.3075
MEM 130.148438 1521621979.3079
MEM 145.675781 1521621980.3095
MEM 154.742188 1521621981.3100
MEM 172.250000 1521621982.3113
MEM 172.250000 1521621983.3119
MEM 172.292969 1521621984.3132
MEM 172.292969 1521621985.3228
MEM 172.292969 1521621986.3241
MEM 172.292969 1521621987.3330
MEM 172.292969 1521621988.3344
MEM 172.292969 1521621989.3399
MEM 172.292969 1521621990.3434
MEM 172.292969 1521621991.3524
MEM 172.292969 1521621992.3546
MEM 172.292969 1521621993.3600
MEM 172.292969 1521621994.3614
MEM 173.859375 1521621995.3623
MEM 173.859375 1521621996.3629
MEM 175.148438 1521621997.3644
MEM 175.042969 1521621998.3677
MEM 176.074219 1521621999.3694
MEM 174.058594 1521622000.3722
MEM 174.058594 1521622001.3735
MEM 175.863281 1521622002.3802
MEM 175.863281 1521622003.3830
MEM 175.863281 1521622004.3913
MEM 174.085938 1521622005.3929
MEM 175.890625 1521622006.3942
MEM 175.914062 1521622007.4010
MEM 173.851562 1521622008.4032
MEM 175.914062 1521622009.4144
MEM 176.171875 1521622010.4163
MEM 174.152344 1521622011.4176
MEM 174.179688 1521622012.4330
MEM 174.179688 1521622013.4415
MEM 174.195312 1521622014.4428
MEM 176.214844 1521622015.4450
MEM 176.214844 1521622016.4516
MEM 176.000000 1521622017.4592
MEM 176.003906 1521622018.4625
MEM 176.015625 1521622019.4641
MEM 173.976562 1521622020.4654
MEM 176.035156 1521622021.4692
MEM 176.050781 1521622022.4721
MEM 174.031250 1521622023.4813
MEM 176.343750 1521622024.4834
MEM 176.148438 1521622025.4890
MEM 176.398438 1521622026.4939
MEM 174.886719 1521622027.4945
MEM 174.886719 1521622028.4983
MEM 176.175781 1521622029.4996
MEM 176.203125 1521622030.5088
MEM 174.414062 1521622031.5102
MEM 174.414062 1521622032.5115
MEM 176.218750 1521622033.5206
MEM 174.414062 1521622034.5227
MEM 174.183594 1521622035.5241
MEM 176.503906 1521622036.5340
MEM 176.261719 1521622037.5495
MEM 174.468750 1521622038.5505
MEM 176.273438 1521622039.5530
MEM 174.507812 1521622040.5608
MEM 176.527344 1521622041.5622
MEM 176.503906 1521622042.5629
MEM 175.019531 1521622043.5656
MEM 176.550781 1521622044.5692
MEM 176.589844 1521622045.5706
MEM 174.558594 1521622046.5773
MEM 174.316406 1521622047.5810
MEM 174.542969 1521622048.5822
MEM 176.339844 1521622049.5835
MEM 174.324219 1521622050.5922
MEM 176.644531 1521622051.5935
MEM 176.667969 1521622052.5948
MEM 176.414062 1521622053.6021
MEM 176.660156 1521622054.6032
MEM 176.660156 1521622055.6137
MEM 176.429688 1521622056.6166
MEM 176.445312 1521622057.6226
MEM 176.457031 1521622058.6230
MEM 176.714844 1521622059.6324
MEM 176.718750 1521622060.6346
MEM 175.187500 1521622061.6411
MEM 176.757812 1521622062.6422
MEM 176.738281 1521622063.6570
MEM 176.738281 1521622064.6582
MEM 176.738281 1521622065.6629
MEM 174.714844 1521622066.6645
MEM 174.765625 1521622067.6659
MEM 176.554688 1521622068.6672
MEM 176.554688 1521622069.6687
MEM 176.570312 1521622070.6730
MEM 174.523438 1521622071.6793
MEM 174.550781 1521622072.6822
MEM 176.593750 1521622073.6886
MEM 176.593750 1521622074.6900
MEM 176.609375 1521622075.6924
MEM 176.867188 1521622076.6941
MEM 176.871094 1521622077.7030
MEM 176.871094 1521622078.7050
MEM 175.332031 1521622079.7090
MEM 175.359375 1521622080.7201
MEM 175.359375 1521622081.7228
MEM 176.648438 1521622082.7271
MEM 176.660156 1521622083.7303
MEM 176.914062 1521622084.7319
MEM 175.441406 1521622085.7329
MEM 176.984375 1521622086.7393
MEM 176.738281 1521622087.7432
MEM 175.476562 1521622088.7575
MEM 177.019531 1521622089.7629
MEM 176.792969 1521622090.7639
MEM 175.484375 1521622091.7723
MEM 175.484375 1521622092.7736
MEM 175.511719 1521622093.7758
MEM 175.511719 1521622094.7794
MEM 176.792969 1521622095.7924
MEM 176.781250 1521622096.7982
MEM 176.800781 1521622097.7990
MEM 177.109375 1521622098.8031
MEM 177.062500 1521622099.8045
MEM 175.546875 1521622100.8105
MEM 175.546875 1521622101.8130
MEM 175.574219 1521622102.8143
MEM 176.855469 1521622103.8214
MEM 177.089844 1521622104.8219
MEM 177.125000 1521622105.8301
MEM 175.093750 1521622106.8331
MEM 175.093750 1521622107.8428
MEM 175.093750 1521622108.8463
MEM 176.890625 1521622109.8533
MEM 175.093750 1521622110.8576
MEM 177.144531 1521622111.8621
MEM 175.625000 1521622112.8633
MEM 177.164062 1521622113.8723
MEM 175.660156 1521622114.8743
MEM 176.949219 1521622115.8793
MEM 176.968750 1521622116.8808
MEM 175.199219 1521622117.8823
MEM 177.250000 1521622118.8831
MEM 175.199219 1521622119.8840
MEM 177.261719 1521622120.8904
MEM 177.257812 1521622121.8995
MEM 175.242188 1521622122.9028
MEM 175.242188 1521622123.9043
MEM 177.300781 1521622124.9106
MEM 175.242188 1521622125.9120
MEM 175.242188 1521622126.9134
MEM 175.242188 1521622127.9143
MEM 177.289062 1521622128.9211
MEM 177.066406 1521622129.9331
MEM 175.773438 1521622130.9468
MEM 175.800781 1521622131.9620
MEM 175.808594 1521622132.9634
MEM 177.347656 1521622133.9663
MEM 177.355469 1521622134.9806
MEM 177.132812 1521622135.9821
MEM 177.132812 1521622136.9830
MEM 175.078125 1521622137.9847
MEM 177.140625 1521622138.9913
MEM 177.132812 1521622139.9935
MEM 175.078125 1521622140.9989
MEM 177.132812 1521622142.0023
MEM 177.167969 1521622143.0030
MEM 175.906250 1521622144.0044
MEM 177.445312 1521622145.0099
MEM 177.445312 1521622146.0212
MEM 177.445312 1521622147.0229
MEM 175.398438 1521622148.0269
MEM 177.460938 1521622149.0313
MEM 175.937500 1521622150.0330
MEM 175.937500 1521622151.0346
MEM 175.937500 1521622152.0457
MEM 177.226562 1521622153.0473
MEM 177.226562 1521622154.0535
MEM 175.433594 1521622155.0666
MEM 175.433594 1521622156.0784
MEM 175.433594 1521622157.0823
MEM 177.496094 1521622158.0842
MEM 177.261719 1521622159.0914
MEM 177.261719 1521622160.0928
MEM 177.507812 1521622161.0986
MEM 177.507812 1521622162.1003
MEM 176.007812 1521622163.1034
MEM 176.007812 1521622164.1134
MEM 177.554688 1521622165.1236
MEM 177.605469 1521622166.1262
MEM 177.558594 1521622167.1309
MEM 177.558594 1521622168.1326
MEM 176.078125 1521622169.1343
MEM 177.601562 1521622170.1425
MEM 176.078125 1521622171.1446
MEM 176.078125 1521622172.1535
MEM 177.601562 1521622173.1540
MEM 175.574219 1521622174.1620
MEM 177.625000 1521622175.1634
MEM 177.625000 1521622176.1692
MEM 177.394531 1521622177.1703
MEM 177.644531 1521622178.1721
MEM 177.667969 1521622179.1771
MEM 177.667969 1521622180.1833
MEM 175.652344 1521622181.2035
MEM 175.679688 1521622182.2095
MEM 175.449219 1521622183.2165
MEM 177.761719 1521622184.2263
MEM 177.761719 1521622185.2335
MEM 175.742188 1521622186.2408
MEM 175.738281 1521622187.2423
MEM 175.742188 1521622188.2491
MEM 177.796875 1521622189.2512
MEM 175.511719 1521622190.2565
MEM 177.824219 1521622191.2676
MEM 177.835938 1521622192.2726
MEM 175.824219 1521622193.2743
MEM 177.875000 1521622194.2791
MEM 176.351562 1521622195.2812
MEM 177.898438 1521622196.2821
MEM 177.656250 1521622197.2834
MEM 175.851562 1521622198.2894
MEM 175.878906 1521622199.3022
MEM 175.878906 1521622200.3115
MEM 177.925781 1521622201.3241
MEM 176.421875 1521622202.3259
MEM 176.445312 1521622203.3306
MEM 177.734375 1521622204.3436
MEM 176.457031 1521622205.3501
MEM 176.457031 1521622206.3515
MEM 176.457031 1521622207.3526
MEM 177.738281 1521622208.3602
MEM 175.945312 1521622209.3636
MEM 178.035156 1521622210.3693
MEM 178.035156 1521622211.3722
MEM 176.003906 1521622212.3779
MEM 178.011719 1521622213.3821
MEM 178.046875 1521622214.3870
MEM 178.054688 1521622215.3890
MEM 176.554688 1521622216.3922
MEM 176.562500 1521622217.4004
MEM 176.562500 1521622218.4030
MEM 176.562500 1521622219.4040
MEM 176.562500 1521622220.4122
MEM 178.082031 1521622221.4136
MEM 178.109375 1521622222.4177
MEM 176.082031 1521622223.4191
MEM 176.082031 1521622224.4334
MEM 177.871094 1521622225.4340
MEM 176.082031 1521622226.4355
MEM 175.851562 1521622227.4369
MEM 175.875000 1521622228.4483
MEM 177.933594 1521622229.4498
MEM 176.675781 1521622230.4513
MEM 178.203125 1521622231.4530
MEM 178.210938 1521622232.4544
MEM 176.167969 1521622233.4559
MEM 178.210938 1521622234.4626
MEM 176.722656 1521622235.4681
MEM 178.265625 1521622236.4704
MEM 176.250000 1521622237.4731
MEM 178.300781 1521622238.4745
MEM 178.300781 1521622239.4796
MEM 178.300781 1521622240.4827
MEM 178.335938 1521622241.5039
MEM 178.339844 1521622242.5070
MEM 176.835938 1521622243.5114
MEM 178.378906 1521622244.5222
MEM 178.152344 1521622245.5231
MEM 176.871094 1521622246.5301
MEM 176.871094 1521622247.5324
MEM 176.871094 1521622248.5331
MEM 176.871094 1521622249.5347
MEM 176.871094 1521622250.5402
MEM 176.871094 1521622251.5416
MEM 178.160156 1521622252.5420
MEM 178.457031 1521622253.5434
MEM 176.410156 1521622254.5452
MEM 178.214844 1521622255.5480
MEM 178.464844 1521622256.5494
MEM 176.953125 1521622257.5500
MEM 178.242188 1521622258.5609
MEM 176.453125 1521622259.5662
MEM 178.500000 1521622260.5719
MEM 178.277344 1521622261.5734
MEM 178.285156 1521622262.5788
MEM 177.039062 1521622263.5802
MEM 178.328125 1521622264.5891
MEM 178.351562 1521622265.5936
MEM 178.382812 1521622266.5999
MEM 177.093750 1521622267.6125
MEM 177.093750 1521622268.6183
MEM 177.121094 1521622269.6200
MEM 178.406250 1521622270.6214
MEM 178.410156 1521622271.6233
MEM 178.406250 1521622272.6335
MEM 178.652344 1521622273.6343
MEM 178.687500 1521622274.6408
MEM 176.636719 1521622275.6422
MEM 178.441406 1521622276.6432
MEM 178.675781 1521622277.6463
MEM 176.640625 1521622278.6484
MEM 178.660156 1521622279.6568
MEM 178.660156 1521622280.6623
MEM 177.203125 1521622281.6638
MEM 177.203125 1521622282.6683
MEM 177.203125 1521622283.6723
MEM 178.734375 1521622284.6733
MEM 178.746094 1521622285.6803
MEM 178.507812 1521622286.6821
MEM 176.730469 1521622287.6836
MEM 178.769531 1521622288.6933
MEM 178.539062 1521622289.6983
MEM 177.285156 1521622290.6998
MEM 178.824219 1521622291.7056
MEM 178.574219 1521622292.7126
MEM 178.589844 1521622293.7194
MEM 178.847656 1521622294.7336
MEM 177.367188 1521622295.7435
MEM 177.558594 1521622296.7482
MEM 177.558594 1521622297.7497
MEM 177.421875 1521622298.7512
MEM 178.898438 1521622299.7606
MEM 178.968750 1521622300.7629
MEM 178.953125 1521622301.7644
MEM 177.472656 1521622302.7731
MEM 179.015625 1521622303.7783
MEM 176.992188 1521622304.7935
MEM 179.042969 1521622305.7990
MEM 179.031250 1521622306.8123
MEM 179.042969 1521622307.8185
MEM 176.992188 1521622308.8219
MEM 179.011719 1521622309.8236
MEM 179.101562 1521622310.8297
MEM 178.867188 1521622311.8334
MEM 178.871094 1521622312.8530
MEM 177.585938 1521622313.8620
MEM 179.105469 1521622314.8634
MEM 177.132812 1521622315.8701
MEM 179.175781 1521622316.8742
MEM 179.246094 1521622317.8814
MEM 179.175781 1521622318.8894
MEM 177.187500 1521622319.8908
MEM 177.179688 1521622320.8921
MEM 179.210938 1521622321.8943
MEM 177.730469 1521622322.8987
MEM 179.238281 1521622323.9000
MEM 179.304688 1521622324.9014
MEM 177.273438 1521622325.9024
MEM 177.285156 1521622326.9042
MEM 177.289062 1521622327.9116
MEM 179.328125 1521622328.9120
MEM 177.828125 1521622329.9135
MEM 179.367188 1521622330.9192
MEM 177.863281 1521622331.9214
MEM 177.863281 1521622332.9231
MEM 177.886719 1521622333.9254
MEM 179.406250 1521622334.9269
MEM 179.175781 1521622335.9289
MEM 179.195312 1521622336.9306
MEM 179.199219 1521622337.9328
MEM 179.230469 1521622338.9362
MEM 179.253906 1521622339.9380
MEM 177.972656 1521622340.9394
MEM 179.242188 1521622341.9412
MEM 178.000000 1521622342.9534
MEM 178.027344 1521622343.9574
MEM 179.308594 1521622344.9606
MEM 178.054688 1521622345.9621
MEM 178.054688 1521622346.9714
MEM 179.324219 1521622347.9732
MEM 179.582031 1521622348.9797
MEM 179.582031 1521622349.9829
MEM 179.593750 1521622350.9892
MEM 177.550781 1521622351.9934
MEM 177.578125 1521622352.9961
MEM 179.617188 1521622353.9993
MEM 179.667969 1521622355.0029
MEM 179.664062 1521622356.0044
MEM 177.625000 1521622357.0131
MEM 179.675781 1521622358.0204
MEM 178.148438 1521622359.0351
MEM 179.683594 1521622360.0365
MEM 177.660156 1521622361.0400
MEM 177.683594 1521622362.0436
MEM 179.484375 1521622363.0523
MEM 178.195312 1521622364.0613
MEM 178.222656 1521622365.0729
MEM 178.222656 1521622366.0756
MEM 179.500000 1521622367.0797
MEM 177.718750 1521622368.0931
MEM 179.523438 1521622369.1023
MEM 179.542969 1521622370.1037
MEM 179.773438 1521622371.1126
MEM 179.855469 1521622372.1169
MEM 179.734375 1521622373.1185
MEM 179.734375 1521622374.1219
MEM 177.812500 1521622375.1234
MEM 179.843750 1521622376.1251
MEM 179.847656 1521622377.1326
MEM 399.953125 1521622378.1392
MEM 1368.886719 1521622379.1410
MEM 976.210938 1521622380.1421
MEM 745.597656 1521622381.1431
MEM 745.597656 1521622382.1520
MEM 309.046875 1521622383.1531
MEM 966.171875 1521622384.1580
MEM 752.171875 1521622385.1626
MEM 780.242188 1521622386.1681
MEM 671.906250 1521622387.1704
MEM 845.265625 1521622388.1754
MEM 969.714844 1521622389.1837
